<?xml version="1.0" encoding="UTF-8"?>
<!-- Generated by org.testng.reporters.JUnitReportReporter -->
<testsuite skipped="0" hostname="ABG-PC05" name="com.inetBanking.testCases.TC_LoginTest_001" tests="1" failures="0" timestamp="22 Jul 2019 21:33:14 GMT" time="0.880" errors="0">
  <testcase name="loginTest" time="0.880" classname="com.inetBanking.testCases.TC_LoginTest_001"/>
</testsuite> <!-- com.inetBanking.testCases.TC_LoginTest_001 -->
