<?xml version="1.0" encoding="UTF-8"?>
<!-- Generated by org.testng.reporters.JUnitReportReporter -->
<testsuite skipped="0" hostname="ABG-PC05" name="com.inetBanking.testCases.TC_AddCustomerTest_003" tests="1" failures="0" timestamp="22 Jul 2019 21:33:14 GMT" time="13.942" errors="0">
  <testcase name="addNewCustomer" time="13.942" classname="com.inetBanking.testCases.TC_AddCustomerTest_003"/>
</testsuite> <!-- com.inetBanking.testCases.TC_AddCustomerTest_003 -->
